Using pre-set license
Built from '2020.3/release' branch; Version is '2020.3.12f1 (b3b2c6512326) revision 11776710'; Using compiler version '192528614'; Build Type 'Release'
OS: 'Windows 10 Home; OS build 19043.1110; Version 2009; 64bit' Language: 'ru' Physical Memory: 16252 MB
BatchMode: 1, IsHumanControllingUs: 0, StartBugReporterOnCrash: 0, Is64bit: 1, IsPro: 0

 COMMAND LINE ARGUMENTS:
D:\Workflow\Software\Unity\Editor\2020.3.12f1\Editor\Unity.exe
-adb2
-batchMode
-noUpm
-name
AssetImportWorker0
-projectPath
D:/Workflow/Projects/Games/SelectelGameJam
-logFile
Logs/AssetImportWorker0.log
-srvPort
65103
Successfully changed project path to: D:/Workflow/Projects/Games/SelectelGameJam
D:/Workflow/Projects/Games/SelectelGameJam
Using Asset Import Pipeline V2.
Refreshing native plugins compatible for Editor in 110.86 ms, found 3 plugins.
Preloading 0 native plugins for Editor in 0.00 ms.
Initialize engine version: 2020.3.12f1 (b3b2c6512326)
[Subsystems] Discovering subsystems at path D:/Workflow/Software/Unity/Editor/2020.3.12f1/Editor/Data/Resources/UnitySubsystems
[Subsystems] Discovering subsystems at path D:/Workflow/Projects/Games/SelectelGameJam/Assets
GfxDevice: creating device client; threaded=0
Direct3D:
    Version:  Direct3D 11.0 [level 11.1]
    Renderer: NVIDIA GeForce MX250 (ID=0x1d13)
    Vendor:   
    VRAM:     1983 MB
    Driver:   27.21.14.6677
Initialize mono
Mono path[0] = 'D:/Workflow/Software/Unity/Editor/2020.3.12f1/Editor/Data/Managed'
Mono path[1] = 'D:/Workflow/Software/Unity/Editor/2020.3.12f1/Editor/Data/MonoBleedingEdge/lib/mono/unityjit'
Mono config path = 'D:/Workflow/Software/Unity/Editor/2020.3.12f1/Editor/Data/MonoBleedingEdge/etc'
Using monoOptions --debugger-agent=transport=dt_socket,embedding=1,server=y,suspend=n,address=127.0.0.1:56940
Begin MonoManager ReloadAssembly
Registering precompiled unity dll's ...
Register platform support module: D:/Workflow/Software/Unity/Editor/2020.3.12f1/Editor/Data/PlaybackEngines/WebGLSupport/UnityEditor.WebGL.Extensions.dll
Register platform support module: D:/Workflow/Software/Unity/Editor/2020.3.12f1/Editor/Data/PlaybackEngines/WindowsStandaloneSupport/UnityEditor.WindowsStandalone.Extensions.dll
Registered in 0.001399 seconds.
Native extension for WindowsStandalone target not found
Native extension for WebGL target not found
Refreshing native plugins compatible for Editor in 83.67 ms, found 3 plugins.
Preloading 0 native plugins for Editor in 0.00 ms.
Mono: successfully reloaded assembly
- Completed reload, in  1.704 seconds
Platform modules already initialized, skipping
Registering precompiled user dll's ...
Registered in 0.011090 seconds.
Begin MonoManager ReloadAssembly
Symbol file LoadedFromMemory doesn't match image D:\Workflow\Projects\Games\SelectelGameJam\Library\PackageCache\com.unity.ext.nunit@1.0.0\net35\unity-custom\nunit.framework.dll
CreateSerializedAsset is not supported while importing out-of-process
UnityEngine.StackTraceUtility:ExtractStackTrace ()
Spine.Unity.Editor.SpinePreferences:GetOrCreateSettings () (at Assets/Spine/Editor/spine-unity/Editor/Windows/SpinePreferences.cs:127)
Spine.Unity.Editor.SpinePreferences:Load () (at Assets/Spine/Editor/spine-unity/Editor/Windows/SpinePreferences.cs:109)
Spine.Unity.Editor.SpineEditorUtilities:Initialize () (at Assets/Spine/Editor/spine-unity/Editor/Utility/SpineEditorUtilities.cs:109)
Spine.Unity.Editor.SpineEditorUtilities:.cctor () (at Assets/Spine/Editor/spine-unity/Editor/Utility/SpineEditorUtilities.cs:100)
System.Reflection.MonoCMethod:InternalInvoke (object,object[])
System.RuntimeType:CreateInstanceMono (bool)
System.RuntimeType:CreateInstanceSlow (bool,bool,bool,System.Threading.StackCrawlMark&)
System.RuntimeType:CreateInstanceDefaultCtor (bool,bool,bool,System.Threading.StackCrawlMark&)
System.Activator:CreateInstance (System.Type,bool)
System.Activator:CreateInstance (System.Type)
UnityEditor.AssetPostprocessingInternal:GetMeshProcessorsHashString ()

[Assets/Spine/Editor/spine-unity/Editor/Windows/SpinePreferences.cs line 127]

UnityException: Creating asset at path Assets/Editor/SpineSettings.asset failed.
  at (wrapper managed-to-native) UnityEditor.AssetDatabase.CreateAsset(UnityEngine.Object,string)
  at Spine.Unity.Editor.SpinePreferences.GetOrCreateSettings () [0x00066] in D:\Workflow\Projects\Games\SelectelGameJam\Assets\Spine\Editor\spine-unity\Editor\Windows\SpinePreferences.cs:127 
  at Spine.Unity.Editor.SpinePreferences.Load () [0x00000] in D:\Workflow\Projects\Games\SelectelGameJam\Assets\Spine\Editor\spine-unity\Editor\Windows\SpinePreferences.cs:109 
  at Spine.Unity.Editor.SpineEditorUtilities.Initialize () [0x00000] in D:\Workflow\Projects\Games\SelectelGameJam\Assets\Spine\Editor\spine-unity\Editor\Utility\SpineEditorUtilities.cs:109 
  at Spine.Unity.Editor.SpineEditorUtilities..cctor () [0x0001e] in D:\Workflow\Projects\Games\SelectelGameJam\Assets\Spine\Editor\spine-unity\Editor\Utility\SpineEditorUtilities.cs:100 
Rethrow as TypeInitializationException: The type initializer for 'Spine.Unity.Editor.SpineEditorUtilities' threw an exception.
  at (wrapper managed-to-native) System.Reflection.MonoCMethod.InternalInvoke(System.Reflection.MonoCMethod,object,object[],System.Exception&)
  at System.Reflection.MonoCMethod.InternalInvoke (System.Object obj, System.Object[] parameters) [0x00002] in <695d1cc93cca45069c528c15c9fdd749>:0 
Rethrow as TargetInvocationException: Exception has been thrown by the target of an invocation.
  at System.Reflection.MonoCMethod.InternalInvoke (System.Object obj, System.Object[] parameters) [0x00014] in <695d1cc93cca45069c528c15c9fdd749>:0 
  at System.RuntimeType.CreateInstanceMono (System.Boolean nonPublic) [0x000a8] in <695d1cc93cca45069c528c15c9fdd749>:0 
  at System.RuntimeType.CreateInstanceSlow (System.Boolean publicOnly, System.Boolean skipCheckThis, System.Boolean fillCache, System.Threading.StackCrawlMark& stackMark) [0x00009] in <695d1cc93cca45069c528c15c9fdd749>:0 
  at System.RuntimeType.CreateInstanceDefaultCtor (System.Boolean publicOnly, System.Boolean skipCheckThis, System.Boolean fillCache, System.Threading.StackCrawlMark& stackMark) [0x00027] in <695d1cc93cca45069c528c15c9fdd749>:0 
  at System.Activator.CreateInstance (System.Type type, System.Boolean nonPublic) [0x00020] in <695d1cc93cca45069c528c15c9fdd749>:0 
  at System.Activator.CreateInstance (System.Type type) [0x00000] in <695d1cc93cca45069c528c15c9fdd749>:0 
  at UnityEditor.AssetPostprocessingInternal.GetMeshProcessorsHashString () [0x00035] in <dc14d30a5e0540ee9311ed6df63d9074>:0 
UnityEngine.DebugLogHandler:Internal_LogException(Exception, Object)
UnityEngine.DebugLogHandler:LogException(Exception, Object)
UnityEngine.Logger:LogException(Exception, Object)
UnityEngine.Debug:LogException(Exception)
UnityEditor.AssetPostprocessingInternal:GetMeshProcessorsHashString()

(Filename: Assets/Spine/Editor/spine-unity/Editor/Windows/SpinePreferences.cs Line: 127)

UnityException: Creating asset at path Assets/Editor/SpineSettings.asset failed.
  at (wrapper managed-to-native) UnityEditor.AssetDatabase.CreateAsset(UnityEngine.Object,string)
  at Spine.Unity.Editor.SpinePreferences.GetOrCreateSettings () [0x00066] in D:\Workflow\Projects\Games\SelectelGameJam\Assets\Spine\Editor\spine-unity\Editor\Windows\SpinePreferences.cs:127 
  at Spine.Unity.Editor.SpinePreferences.Load () [0x00000] in D:\Workflow\Projects\Games\SelectelGameJam\Assets\Spine\Editor\spine-unity\Editor\Windows\SpinePreferences.cs:109 
  at Spine.Unity.Editor.SpineEditorUtilities.Initialize () [0x00000] in D:\Workflow\Projects\Games\SelectelGameJam\Assets\Spine\Editor\spine-unity\Editor\Utility\SpineEditorUtilities.cs:109 
  at Spine.Unity.Editor.SpineEditorUtilities..cctor () [0x0001e] in D:\Workflow\Projects\Games\SelectelGameJam\Assets\Spine\Editor\spine-unity\Editor\Utility\SpineEditorUtilities.cs:100 
Rethrow as TypeInitializationException: The type initializer for 'Spine.Unity.Editor.SpineEditorUtilities' threw an exception.
  at (wrapper managed-to-native) System.Reflection.MonoCMethod.InternalInvoke(System.Reflection.MonoCMethod,object,object[],System.Exception&)
  at System.Reflection.MonoCMethod.InternalInvoke (System.Object obj, System.Object[] parameters) [0x00002] in <695d1cc93cca45069c528c15c9fdd749>:0 
Rethrow as TargetInvocationException: Exception has been thrown by the target of an invocation.
  at System.Reflection.MonoCMethod.InternalInvoke (System.Object obj, System.Object[] parameters) [0x00014] in <695d1cc93cca45069c528c15c9fdd749>:0 
  at System.RuntimeType.CreateInstanceMono (System.Boolean nonPublic) [0x000a8] in <695d1cc93cca45069c528c15c9fdd749>:0 
  at System.RuntimeType.CreateInstanceSlow (System.Boolean publicOnly, System.Boolean skipCheckThis, System.Boolean fillCache, System.Threading.StackCrawlMark& stackMark) [0x00009] in <695d1cc93cca45069c528c15c9fdd749>:0 
  at System.RuntimeType.CreateInstanceDefaultCtor (System.Boolean publicOnly, System.Boolean skipCheckThis, System.Boolean fillCache, System.Threading.StackCrawlMark& stackMark) [0x00027] in <695d1cc93cca45069c528c15c9fdd749>:0 
  at System.Activator.CreateInstance (System.Type type, System.Boolean nonPublic) [0x00020] in <695d1cc93cca45069c528c15c9fdd749>:0 
  at System.Activator.CreateInstance (System.Type type) [0x00000] in <695d1cc93cca45069c528c15c9fdd749>:0 
  at UnityEditor.AssetPostprocessingInternal.GetTextureProcessorsHashString () [0x00035] in <dc14d30a5e0540ee9311ed6df63d9074>:0 
UnityEngine.DebugLogHandler:Internal_LogException(Exception, Object)
UnityEngine.DebugLogHandler:LogException(Exception, Object)
UnityEngine.Logger:LogException(Exception, Object)
UnityEngine.Debug:LogException(Exception)
UnityEditor.AssetPostprocessingInternal:GetTextureProcessorsHashString()

(Filename: Assets/Spine/Editor/spine-unity/Editor/Windows/SpinePreferences.cs Line: 127)

UnityException: Creating asset at path Assets/Editor/SpineSettings.asset failed.
  at (wrapper managed-to-native) UnityEditor.AssetDatabase.CreateAsset(UnityEngine.Object,string)
  at Spine.Unity.Editor.SpinePreferences.GetOrCreateSettings () [0x00066] in D:\Workflow\Projects\Games\SelectelGameJam\Assets\Spine\Editor\spine-unity\Editor\Windows\SpinePreferences.cs:127 
  at Spine.Unity.Editor.SpinePreferences.Load () [0x00000] in D:\Workflow\Projects\Games\SelectelGameJam\Assets\Spine\Editor\spine-unity\Editor\Windows\SpinePreferences.cs:109 
  at Spine.Unity.Editor.SpineEditorUtilities.Initialize () [0x00000] in D:\Workflow\Projects\Games\SelectelGameJam\Assets\Spine\Editor\spine-unity\Editor\Utility\SpineEditorUtilities.cs:109 
  at Spine.Unity.Editor.SpineEditorUtilities..cctor () [0x0001e] in D:\Workflow\Projects\Games\SelectelGameJam\Assets\Spine\Editor\spine-unity\Editor\Utility\SpineEditorUtilities.cs:100 
Rethrow as TypeInitializationException: The type initializer for 'Spine.Unity.Editor.SpineEditorUtilities' threw an exception.
  at (wrapper managed-to-native) System.Reflection.MonoCMethod.InternalInvoke(System.Reflection.MonoCMethod,object,object[],System.Exception&)
  at System.Reflection.MonoCMethod.InternalInvoke (System.Object obj, System.Object[] parameters) [0x00002] in <695d1cc93cca45069c528c15c9fdd749>:0 
Rethrow as TargetInvocationException: Exception has been thrown by the target of an invocation.
  at System.Reflection.MonoCMethod.InternalInvoke (System.Object obj, System.Object[] parameters) [0x00014] in <695d1cc93cca45069c528c15c9fdd749>:0 
  at System.RuntimeType.CreateInstanceMono (System.Boolean nonPublic) [0x000a8] in <695d1cc93cca45069c528c15c9fdd749>:0 
  at System.RuntimeType.CreateInstanceSlow (System.Boolean publicOnly, System.Boolean skipCheckThis, System.Boolean fillCache, System.Threading.StackCrawlMark& stackMark) [0x00009] in <695d1cc93cca45069c528c15c9fdd749>:0 
  at System.RuntimeType.CreateInstanceDefaultCtor (System.Boolean publicOnly, System.Boolean skipCheckThis, System.Boolean fillCache, System.Threading.StackCrawlMark& stackMark) [0x00027] in <695d1cc93cca45069c528c15c9fdd749>:0 
  at System.Activator.CreateInstance (System.Type type, System.Boolean nonPublic) [0x00020] in <695d1cc93cca45069c528c15c9fdd749>:0 
  at System.Activator.CreateInstance (System.Type type) [0x00000] in <695d1cc93cca45069c528c15c9fdd749>:0 
  at UnityEditor.AssetPostprocessingInternal.GetAudioProcessorsHashString () [0x00035] in <dc14d30a5e0540ee9311ed6df63d9074>:0 
UnityEngine.DebugLogHandler:Internal_LogException(Exception, Object)
UnityEngine.DebugLogHandler:LogException(Exception, Object)
UnityEngine.Logger:LogException(Exception, Object)
UnityEngine.Debug:LogException(Exception)
UnityEditor.AssetPostprocessingInternal:GetAudioProcessorsHashString()

(Filename: Assets/Spine/Editor/spine-unity/Editor/Windows/SpinePreferences.cs Line: 127)

UnityException: Creating asset at path Assets/Editor/SpineSettings.asset failed.
  at (wrapper managed-to-native) UnityEditor.AssetDatabase.CreateAsset(UnityEngine.Object,string)
  at Spine.Unity.Editor.SpinePreferences.GetOrCreateSettings () [0x00066] in D:\Workflow\Projects\Games\SelectelGameJam\Assets\Spine\Editor\spine-unity\Editor\Windows\SpinePreferences.cs:127 
  at Spine.Unity.Editor.SpinePreferences.Load () [0x00000] in D:\Workflow\Projects\Games\SelectelGameJam\Assets\Spine\Editor\spine-unity\Editor\Windows\SpinePreferences.cs:109 
  at Spine.Unity.Editor.SpineEditorUtilities.Initialize () [0x00000] in D:\Workflow\Projects\Games\SelectelGameJam\Assets\Spine\Editor\spine-unity\Editor\Utility\SpineEditorUtilities.cs:109 
  at Spine.Unity.Editor.SpineEditorUtilities..cctor () [0x0001e] in D:\Workflow\Projects\Games\SelectelGameJam\Assets\Spine\Editor\spine-unity\Editor\Utility\SpineEditorUtilities.cs:100 
Rethrow as TypeInitializationException: The type initializer for 'Spine.Unity.Editor.SpineEditorUtilities' threw an exception.
  at (wrapper managed-to-native) System.Reflection.MonoCMethod.InternalInvoke(System.Reflection.MonoCMethod,object,object[],System.Exception&)
  at System.Reflection.MonoCMethod.InternalInvoke (System.Object obj, System.Object[] parameters) [0x00002] in <695d1cc93cca45069c528c15c9fdd749>:0 
Rethrow as TargetInvocationException: Exception has been thrown by the target of an invocation.
  at System.Reflection.MonoCMethod.InternalInvoke (System.Object obj, System.Object[] parameters) [0x00014] in <695d1cc93cca45069c528c15c9fdd749>:0 
  at System.RuntimeType.CreateInstanceMono (System.Boolean nonPublic) [0x000a8] in <695d1cc93cca45069c528c15c9fdd749>:0 
  at System.RuntimeType.CreateInstanceSlow (System.Boolean publicOnly, System.Boolean skipCheckThis, System.Boolean fillCache, System.Threading.StackCrawlMark& stackMark) [0x00009] in <695d1cc93cca45069c528c15c9fdd749>:0 
  at System.RuntimeType.CreateInstanceDefaultCtor (System.Boolean publicOnly, System.Boolean skipCheckThis, System.Boolean fillCache, System.Threading.StackCrawlMark& stackMark) [0x00027] in <695d1cc93cca45069c528c15c9fdd749>:0 
  at System.Activator.CreateInstance (System.Type type, System.Boolean nonPublic) [0x00020] in <695d1cc93cca45069c528c15c9fdd749>:0 
  at System.Activator.CreateInstance (System.Type type) [0x00000] in <695d1cc93cca45069c528c15c9fdd749>:0 
  at UnityEditor.AssetPostprocessingInternal.GetSpeedTreeProcessorsHashString () [0x00035] in <dc14d30a5e0540ee9311ed6df63d9074>:0 
UnityEngine.DebugLogHandler:Internal_LogException(Exception, Object)
UnityEngine.DebugLogHandler:LogException(Exception, Object)
UnityEngine.Logger:LogException(Exception, Object)
UnityEngine.Debug:LogException(Exception)
UnityEditor.AssetPostprocessingInternal:GetSpeedTreeProcessorsHashString()

(Filename: Assets/Spine/Editor/spine-unity/Editor/Windows/SpinePreferences.cs Line: 127)

UnityException: Creating asset at path Assets/Editor/SpineSettings.asset failed.
  at (wrapper managed-to-native) UnityEditor.AssetDatabase.CreateAsset(UnityEngine.Object,string)
  at Spine.Unity.Editor.SpinePreferences.GetOrCreateSettings () [0x00066] in D:\Workflow\Projects\Games\SelectelGameJam\Assets\Spine\Editor\spine-unity\Editor\Windows\SpinePreferences.cs:127 
  at Spine.Unity.Editor.SpinePreferences.Load () [0x00000] in D:\Workflow\Projects\Games\SelectelGameJam\Assets\Spine\Editor\spine-unity\Editor\Windows\SpinePreferences.cs:109 
  at Spine.Unity.Editor.SpineEditorUtilities.Initialize () [0x00000] in D:\Workflow\Projects\Games\SelectelGameJam\Assets\Spine\Editor\spine-unity\Editor\Utility\SpineEditorUtilities.cs:109 
  at Spine.Unity.Editor.SpineEditorUtilities..cctor () [0x0001e] in D:\Workflow\Projects\Games\SelectelGameJam\Assets\Spine\Editor\spine-unity\Editor\Utility\SpineEditorUtilities.cs:100 
Rethrow as TypeInitializationException: The type initializer for 'Spine.Unity.Editor.SpineEditorUtilities' threw an exception.
  at (wrapper managed-to-native) System.Reflection.MonoCMethod.InternalInvoke(System.Reflection.MonoCMethod,object,object[],System.Exception&)
  at System.Reflection.MonoCMethod.InternalInvoke (System.Object obj, System.Object[] parameters) [0x00002] in <695d1cc93cca45069c528c15c9fdd749>:0 
Rethrow as TargetInvocationException: Exception has been thrown by the target of an invocation.
  at System.Reflection.MonoCMethod.InternalInvoke (System.Object obj, System.Object[] parameters) [0x00014] in <695d1cc93cca45069c528c15c9fdd749>:0 
  at System.RuntimeType.CreateInstanceMono (System.Boolean nonPublic) [0x000a8] in <695d1cc93cca45069c528c15c9fdd749>:0 
  at System.RuntimeType.CreateInstanceSlow (System.Boolean publicOnly, System.Boolean skipCheckThis, System.Boolean fillCache, System.Threading.StackCrawlMark& stackMark) [0x00009] in <695d1cc93cca45069c528c15c9fdd749>:0 
  at System.RuntimeType.CreateInstanceDefaultCtor (System.Boolean publicOnly, System.Boolean skipCheckThis, System.Boolean fillCache, System.Threading.StackCrawlMark& stackMark) [0x00027] in <695d1cc93cca45069c528c15c9fdd749>:0 
  at System.Activator.CreateInstance (System.Type type, System.Boolean nonPublic) [0x00020] in <695d1cc93cca45069c528c15c9fdd749>:0 
  at System.Activator.CreateInstance (System.Type type) [0x00000] in <695d1cc93cca45069c528c15c9fdd749>:0 
  at UnityEditor.AssetPostprocessingInternal.GetPrefabProcessorsHashString () [0x00035] in <dc14d30a5e0540ee9311ed6df63d9074>:0 
UnityEngine.DebugLogHandler:Internal_LogException(Exception, Object)
UnityEngine.DebugLogHandler:LogException(Exception, Object)
UnityEngine.Logger:LogException(Exception, Object)
UnityEngine.Debug:LogException(Exception)
UnityEditor.AssetPostprocessingInternal:GetPrefabProcessorsHashString()

(Filename: Assets/Spine/Editor/spine-unity/Editor/Windows/SpinePreferences.cs Line: 127)

ReleaseAllScriptCaches did not release all script caches!

Remaining caches:
    spine-unity-editor:Spine.Unity.Editor:SpinePreferences
Native extension for WindowsStandalone target not found
Native extension for WebGL target not found
Refreshing native plugins compatible for Editor in 85.61 ms, found 3 plugins.
Preloading 0 native plugins for Editor in 0.00 ms.
UnityEngine.UnityException: Creating asset at path Assets/Editor/SpineSettings.asset failed.
  at (wrapper managed-to-native) UnityEditor.AssetDatabase.CreateAsset(UnityEngine.Object,string)
  at Spine.Unity.Editor.SpinePreferences.GetOrCreateSettings () [0x00066] in D:\Workflow\Projects\Games\SelectelGameJam\Assets\Spine\Editor\spine-unity\Editor\Windows\SpinePreferences.cs:127 
  at Spine.Unity.Editor.SpinePreferences.Load () [0x00000] in D:\Workflow\Projects\Games\SelectelGameJam\Assets\Spine\Editor\spine-unity\Editor\Windows\SpinePreferences.cs:109 
  at Spine.Unity.Editor.SpineEditorUtilities.Initialize () [0x00000] in D:\Workflow\Projects\Games\SelectelGameJam\Assets\Spine\Editor\spine-unity\Editor\Utility\SpineEditorUtilities.cs:109 
  at Spine.Unity.Editor.SpineEditorUtilities..cctor () [0x0001e] in D:\Workflow\Projects\Games\SelectelGameJam\Assets\Spine\Editor\spine-unity\Editor\Utility\SpineEditorUtilities.cs:100 
UnityEngine.StackTraceUtility:ExtractStackTrace ()
UnityEngine.DebugLogHandler:LogFormat (UnityEngine.LogType,UnityEngine.Object,string,object[])
UnityEngine.Logger:Log (UnityEngine.LogType,object)
UnityEngine.Debug:LogError (object)
UnityEditor.EditorAssemblies:ProcessInitializeOnLoadAttributes (System.Type[])

Mono: successfully reloaded assembly
- Completed reload, in  2.600 seconds
Platform modules already initialized, skipping
========================================================================
Worker process is ready to serve import requests
Launched and connected shader compiler UnityShaderCompiler.exe after 0.15 seconds
Refreshing native plugins compatible for Editor in 0.89 ms, found 3 plugins.
Preloading 0 native plugins for Editor in 0.00 ms.
Unloading 2315 Unused Serialized files (Serialized files now loaded: 0)
System memory in use before: 107.8 MB.
System memory in use after: 106.6 MB.

Unloading 41 unused Assets to reduce memory usage. Loaded Objects now: 2736.
Total: 9.537200 ms (FindLiveObjects: 0.578600 ms CreateObjectMapping: 0.345400 ms MarkObjects: 5.496600 ms  DeleteObjects: 3.113800 ms)

AssetImportParameters requested are different than current active one (requested -> active):
  custom:framework-win-MediaFoundation: 216162199b28c13a410421893ffa2e32 -> 
  custom:video-decoder-ogg-theora: a1e56fd34408186e4bbccfd4996cb3dc -> 
  custom:container-muxer-webm: aa71ff27fc2769a1b78a27578f13a17b -> 
  custom:container-demuxer-webm: 4f35f7cbe854078d1ac9338744f61a02 -> 
  custom:container-demuxer-ogg: 62fdf1f143b41e24485cea50d1cbac27 -> 
  custom:video-encoder-webm-vp8: eb34c28f22e8b96e1ab97ce403110664 -> 
  custom:video-decoder-webm-vp8: 9c59270c3fd7afecdb556c50c9e8de78 -> 
  custom:audio-decoder-ogg-vorbis: bf7c407c2cedff20999df2af8eb42d56 -> 
  custom:audio-encoder-webm-vorbis: bf7c407c2cedff20999df2af8eb42d56 -> 
========================================================================
Received Import Request.
  path: Assets
  artifactKey: Guid(00000000000000001000000000000000) Importer(815301076,1909f56bfc062723c751e8b465ee728b)
Start importing Assets using Guid(00000000000000001000000000000000) Importer(815301076,1909f56bfc062723c751e8b465ee728b)  -> (artifact id: '42d402b061de3733987d63b9cc3b64de') in 0.023952 seconds 
  Import took 0.033388 seconds .

